Added Component: Designator=1(M3 125X200)
Add component (AddParameter): Name = "BOM名称"; Value = "铜柱孔"; VariantName = "[No Variations]"
Add component (AddParameter): Name = "下单链接"; Value = "https://item.taobao.com/item.htm?ft=t&id=613637044352"; VariantName = "[No Variations]"
Add component (AddParameter): Name = "淘宝ID"; Value = "小糖豆的小窝窝"; VariantName = "[No Variations]"
Added Component: Designator=2(M3 125X200)
Add component (AddParameter): Name = "BOM名称"; Value = "铜柱孔"; VariantName = "[No Variations]"
Add component (AddParameter): Name = "下单链接"; Value = "https://item.taobao.com/item.htm?ft=t&id=613637044352"; VariantName = "[No Variations]"
Add component (AddParameter): Name = "淘宝ID"; Value = "小糖豆的小窝窝"; VariantName = "[No Variations]"
Added Component: Designator=3(M3 125X200)
Add component (AddParameter): Name = "BOM名称"; Value = "铜柱孔"; VariantName = "[No Variations]"
Add component (AddParameter): Name = "下单链接"; Value = "https://item.taobao.com/item.htm?ft=t&id=613637044352"; VariantName = "[No Variations]"
Add component (AddParameter): Name = "淘宝ID"; Value = "小糖豆的小窝窝"; VariantName = "[No Variations]"
Added Component: Designator=4(M3 125X200)
Add component (AddParameter): Name = "BOM名称"; Value = "铜柱孔"; VariantName = "[No Variations]"
Add component (AddParameter): Name = "下单链接"; Value = "https://item.taobao.com/item.htm?ft=t&id=613637044352"; VariantName = "[No Variations]"
Add component (AddParameter): Name = "淘宝ID"; Value = "小糖豆的小窝窝"; VariantName = "[No Variations]"
Added Pin To Net: NetName=Net1_13 Pin=1-1
Added Pin To Net: NetName=Net1_13 Pin=2-1
Added Pin To Net: NetName=Net1_13 Pin=3-1
Added Pin To Net: NetName=Net1_13 Pin=4-1
Added Net: Name=Net1_13
Added Member To Class: ClassName=Sheet2 Member=Component 1 M3
Added Member To Class: ClassName=Sheet2 Member=Component 2 M3
Added Member To Class: ClassName=Sheet2 Member=Component 3 M3
Added Member To Class: ClassName=Sheet2 Member=Component 4 M3
Added Room: Name=Sheet2
